2020/06/23 [main] INFO  n.g.g.e.g.s.GenergyEamGrpcServerApplicationTests - Starting GenergyEamGrpcServerApplicationTests on DESKTOP-VC4LELU with PID 23352 (started by cjp in D:\code\2020\genergy\genergy-eam\genergy-eam-grpc-server)
2020/06/23 [main] DEBUG n.g.g.e.g.s.GenergyEamGrpcServerApplicationTests - Running with Spring Boot v2.3.0.RELEASE, Spring v5.2.6.RELEASE
2020/06/23 [main] INFO  n.g.g.e.g.s.GenergyEamGrpcServerApplicationTests - The following profiles are active: dev
2020/06/23 [main] INFO  o.s.scheduling.concurrent.ThreadPoolTaskExecutor - Initializing ExecutorService 'applicationTaskExecutor'
2020/06/23 [main] INFO  n.d.b.g.c.nameresolver.NameResolverRegistration - net.devh.boot.grpc.server.nameresolver.SelfNameResolverFactory@2e766822 is available -> Added to the NameResolverRegistry
2020/06/23 [main] INFO  n.d.b.g.s.serverfactory.AbstractGrpcServerFactory - Registered gRPC service: net.gichain.genergy.eam.grpc.lib.EnergyService, bean: energyServerService, class: net.gichain.genergy.eam.grpc.server.serverservice.EnergyServerService
2020/06/23 [main] INFO  n.d.b.g.s.serverfactory.AbstractGrpcServerFactory - Registered gRPC service: net.gichain.genergy.eam.grpc.lib.PlantService, bean: plantServerService, class: net.gichain.genergy.eam.grpc.server.serverservice.PlantServerService
2020/06/23 [main] WARN  o.s.w.context.support.GenericWebApplicationContext - Exception encountered during context initialization - cancelling refresh attempt: org.springframework.context.ApplicationContextException: Failed to start bean 'shadedNettyGrpcServerLifecycle'; nested exception is java.lang.IllegalStateException: Failed to start the grpc server
2020/06/23 [main] INFO  n.d.b.g.c.nameresolver.NameResolverRegistration - net.devh.boot.grpc.server.nameresolver.SelfNameResolverFactory@2e766822 was removed from the NameResolverRegistry
2020/06/23 [main] INFO  o.s.scheduling.concurrent.ThreadPoolTaskExecutor - Shutting down ExecutorService 'applicationTaskExecutor'
2020/06/23 [main] INFO  o.s.b.a.l.ConditionEvaluationReportLoggingListener - 

Error starting ApplicationContext. To display the conditions report re-run your application with 'debug' enabled.
2020/06/23 [main] ERROR org.springframework.boot.SpringApplication - Application run failed
org.springframework.context.ApplicationContextException: Failed to start bean 'shadedNettyGrpcServerLifecycle'; nested exception is java.lang.IllegalStateException: Failed to start the grpc server
	at org.springframework.context.support.DefaultLifecycleProcessor.doStart(DefaultLifecycleProcessor.java:185)
	at org.springframework.context.support.DefaultLifecycleProcessor.access$200(DefaultLifecycleProcessor.java:53)
	at org.springframework.context.support.DefaultLifecycleProcessor$LifecycleGroup.start(DefaultLifecycleProcessor.java:360)
	at org.springframework.context.support.DefaultLifecycleProcessor.startBeans(DefaultLifecycleProcessor.java:158)
	at org.springframework.context.support.DefaultLifecycleProcessor.onRefresh(DefaultLifecycleProcessor.java:122)
	at org.springframework.context.support.AbstractApplicationContext.finishRefresh(AbstractApplicationContext.java:894)
	at org.springframework.context.support.AbstractApplicationContext.refresh(AbstractApplicationContext.java:553)
	at org.springframework.boot.SpringApplication.refresh(SpringApplication.java:758)
	at org.springframework.boot.SpringApplication.refresh(SpringApplication.java:750)
	at org.springframework.boot.SpringApplication.refreshContext(SpringApplication.java:397)
	at org.springframework.boot.SpringApplication.run(SpringApplication.java:315)
	at org.springframework.boot.test.context.SpringBootContextLoader.loadContext(SpringBootContextLoader.java:120)
	at org.springframework.test.context.cache.DefaultCacheAwareContextLoaderDelegate.loadContextInternal(DefaultCacheAwareContextLoaderDelegate.java:99)
	at org.springframework.test.context.cache.DefaultCacheAwareContextLoaderDelegate.loadContext(DefaultCacheAwareContextLoaderDelegate.java:124)
	at org.springframework.test.context.support.DefaultTestContext.getApplicationContext(DefaultTestContext.java:123)
	at org.springframework.test.context.web.ServletTestExecutionListener.setUpRequestContextIfNecessary(ServletTestExecutionListener.java:190)
	at org.springframework.test.context.web.ServletTestExecutionListener.prepareTestInstance(ServletTestExecutionListener.java:132)
	at org.springframework.test.context.TestContextManager.prepareTestInstance(TestContextManager.java:244)
	at org.springframework.test.context.junit.jupiter.SpringExtension.postProcessTestInstance(SpringExtension.java:98)
	at org.junit.jupiter.engine.descriptor.ClassBasedTestDescriptor.lambda$invokeTestInstancePostProcessors$5(ClassBasedTestDescriptor.java:341)
	at org.junit.jupiter.engine.descriptor.ClassBasedTestDescriptor.executeAndMaskThrowable(ClassBasedTestDescriptor.java:346)
	at org.junit.jupiter.engine.descriptor.ClassBasedTestDescriptor.lambda$invokeTestInstancePostProcessors$6(ClassBasedTestDescriptor.java:341)
	at java.util.stream.ReferencePipeline$3$1.accept(ReferencePipeline.java:193)
	at java.util.stream.ReferencePipeline$2$1.accept(ReferencePipeline.java:175)
	at java.util.ArrayList$ArrayListSpliterator.forEachRemaining(ArrayList.java:1382)
	at java.util.stream.AbstractPipeline.copyInto(AbstractPipeline.java:482)
	at java.util.stream.AbstractPipeline.wrapAndCopyInto(AbstractPipeline.java:472)
	at java.util.stream.StreamSpliterators$WrappingSpliterator.forEachRemaining(StreamSpliterators.java:312)
	at java.util.stream.Streams$ConcatSpliterator.forEachRemaining(Streams.java:743)
	at java.util.stream.Streams$ConcatSpliterator.forEachRemaining(Streams.java:742)
	at java.util.stream.ReferencePipeline$Head.forEach(ReferencePipeline.java:580)
	at org.junit.jupiter.engine.descriptor.ClassBasedTestDescriptor.invokeTestInstancePostProcessors(ClassBasedTestDescriptor.java:340)
	at org.junit.jupiter.engine.descriptor.ClassBasedTestDescriptor.instantiateAndPostProcessTestInstance(ClassBasedTestDescriptor.java:263)
	at org.junit.jupiter.engine.descriptor.ClassBasedTestDescriptor.lambda$testInstancesProvider$2(ClassBasedTestDescriptor.java:256)
	at java.util.Optional.orElseGet(Optional.java:267)
	at org.junit.jupiter.engine.descriptor.ClassBasedTestDescriptor.lambda$testInstancesProvider$3(ClassBasedTestDescriptor.java:255)
	at org.junit.jupiter.engine.execution.TestInstancesProvider.getTestInstances(TestInstancesProvider.java:29)
	at org.junit.jupiter.engine.descriptor.TestMethodTestDescriptor.lambda$prepare$0(TestMethodTestDescriptor.java:108)
	at org.junit.platform.engine.support.hierarchical.ThrowableCollector.execute(ThrowableCollector.java:73)
	at org.junit.jupiter.engine.descriptor.TestMethodTestDescriptor.prepare(TestMethodTestDescriptor.java:107)
	at org.junit.jupiter.engine.descriptor.TestMethodTestDescriptor.prepare(TestMethodTestDescriptor.java:71)
	at org.junit.platform.engine.support.hierarchical.NodeTestTask.lambda$prepare$1(NodeTestTask.java:107)
	at org.junit.platform.engine.support.hierarchical.ThrowableCollector.execute(ThrowableCollector.java:73)
	at org.junit.platform.engine.support.hierarchical.NodeTestTask.prepare(NodeTestTask.java:107)
	at org.junit.platform.engine.support.hierarchical.NodeTestTask.execute(NodeTestTask.java:75)
	at java.util.ArrayList.forEach(ArrayList.java:1257)
	at org.junit.platform.engine.support.hierarchical.SameThreadHierarchicalTestExecutorService.invokeAll(SameThreadHierarchicalTestExecutorService.java:38)
	at org.junit.platform.engine.support.hierarchical.NodeTestTask.lambda$executeRecursively$5(NodeTestTask.java:139)
	at org.junit.platform.engine.support.hierarchical.ThrowableCollector.execute(ThrowableCollector.java:73)
	at org.junit.platform.engine.support.hierarchical.NodeTestTask.lambda$executeRecursively$7(NodeTestTask.java:125)
	at org.junit.platform.engine.support.hierarchical.Node.around(Node.java:135)
	at org.junit.platform.engine.support.hierarchical.NodeTestTask.lambda$executeRecursively$8(NodeTestTask.java:123)
	at org.junit.platform.engine.support.hierarchical.ThrowableCollector.execute(ThrowableCollector.java:73)
	at org.junit.platform.engine.support.hierarchical.NodeTestTask.executeRecursively(NodeTestTask.java:122)
	at org.junit.platform.engine.support.hierarchical.NodeTestTask.execute(NodeTestTask.java:80)
	at java.util.ArrayList.forEach(ArrayList.java:1257)
	at org.junit.platform.engine.support.hierarchical.SameThreadHierarchicalTestExecutorService.invokeAll(SameThreadHierarchicalTestExecutorService.java:38)
	at org.junit.platform.engine.support.hierarchical.NodeTestTask.lambda$executeRecursively$5(NodeTestTask.java:139)
	at org.junit.platform.engine.support.hierarchical.ThrowableCollector.execute(ThrowableCollector.java:73)
	at org.junit.platform.engine.support.hierarchical.NodeTestTask.lambda$executeRecursively$7(NodeTestTask.java:125)
	at org.junit.platform.engine.support.hierarchical.Node.around(Node.java:135)
	at org.junit.platform.engine.support.hierarchical.NodeTestTask.lambda$executeRecursively$8(NodeTestTask.java:123)
	at org.junit.platform.engine.support.hierarchical.ThrowableCollector.execute(ThrowableCollector.java:73)
	at org.junit.platform.engine.support.hierarchical.NodeTestTask.executeRecursively(NodeTestTask.java:122)
	at org.junit.platform.engine.support.hierarchical.NodeTestTask.execute(NodeTestTask.java:80)
	at org.junit.platform.engine.support.hierarchical.SameThreadHierarchicalTestExecutorService.submit(SameThreadHierarchicalTestExecutorService.java:32)
	at org.junit.platform.engine.support.hierarchical.HierarchicalTestExecutor.execute(HierarchicalTestExecutor.java:57)
	at org.junit.platform.engine.support.hierarchical.HierarchicalTestEngine.execute(HierarchicalTestEngine.java:51)
	at org.junit.platform.launcher.core.DefaultLauncher.execute(DefaultLauncher.java:220)
	at org.junit.platform.launcher.core.DefaultLauncher.lambda$execute$6(DefaultLauncher.java:188)
	at org.junit.platform.launcher.core.DefaultLauncher.withInterceptedStreams(DefaultLauncher.java:202)
	at org.junit.platform.launcher.core.DefaultLauncher.execute(DefaultLauncher.java:181)
	at org.junit.platform.launcher.core.DefaultLauncher.execute(DefaultLauncher.java:128)
	at org.apache.maven.surefire.junitplatform.JUnitPlatformProvider.invokeAllTests(JUnitPlatformProvider.java:150)
	at org.apache.maven.surefire.junitplatform.JUnitPlatformProvider.invoke(JUnitPlatformProvider.java:124)
	at org.apache.maven.surefire.booter.ForkedBooter.invokeProviderInSameClassLoader(ForkedBooter.java:384)
	at org.apache.maven.surefire.booter.ForkedBooter.runSuitesInProcess(ForkedBooter.java:345)
	at org.apache.maven.surefire.booter.ForkedBooter.execute(ForkedBooter.java:126)
	at org.apache.maven.surefire.booter.ForkedBooter.main(ForkedBooter.java:418)
Caused by: java.lang.IllegalStateException: Failed to start the grpc server
	at net.devh.boot.grpc.server.serverfactory.GrpcServerLifecycle.start(GrpcServerLifecycle.java:51)
	at org.springframework.context.support.DefaultLifecycleProcessor.doStart(DefaultLifecycleProcessor.java:182)
	... 78 common frames omitted
Caused by: java.io.IOException: Failed to bind
	at io.grpc.netty.shaded.io.grpc.netty.NettyServer.start(NettyServer.java:246)
	at io.grpc.internal.ServerImpl.start(ServerImpl.java:184)
	at io.grpc.internal.ServerImpl.start(ServerImpl.java:90)
	at net.devh.boot.grpc.server.serverfactory.GrpcServerLifecycle.createAndStartGrpcServer(GrpcServerLifecycle.java:90)
	at net.devh.boot.grpc.server.serverfactory.GrpcServerLifecycle.start(GrpcServerLifecycle.java:49)
	... 79 common frames omitted
Caused by: java.net.BindException: Address already in use: bind
	at sun.nio.ch.Net.bind0(Native Method)
	at sun.nio.ch.Net.bind(Net.java:433)
	at sun.nio.ch.Net.bind(Net.java:425)
	at sun.nio.ch.ServerSocketChannelImpl.bind(ServerSocketChannelImpl.java:223)
	at io.grpc.netty.shaded.io.netty.channel.socket.nio.NioServerSocketChannel.doBind(NioServerSocketChannel.java:132)
	at io.grpc.netty.shaded.io.netty.channel.AbstractChannel$AbstractUnsafe.bind(AbstractChannel.java:551)
	at io.grpc.netty.shaded.io.netty.channel.DefaultChannelPipeline$HeadContext.bind(DefaultChannelPipeline.java:1345)
	at io.grpc.netty.shaded.io.netty.channel.AbstractChannelHandlerContext.invokeBind(AbstractChannelHandlerContext.java:503)
	at io.grpc.netty.shaded.io.netty.channel.AbstractChannelHandlerContext.bind(AbstractChannelHandlerContext.java:488)
	at io.grpc.netty.shaded.io.netty.channel.DefaultChannelPipeline.bind(DefaultChannelPipeline.java:984)
	at io.grpc.netty.shaded.io.netty.channel.AbstractChannel.bind(AbstractChannel.java:247)
	at io.grpc.netty.shaded.io.netty.bootstrap.AbstractBootstrap$2.run(AbstractBootstrap.java:355)
	at io.grpc.netty.shaded.io.netty.util.concurrent.AbstractEventExecutor.safeExecute(AbstractEventExecutor.java:163)
	at io.grpc.netty.shaded.io.netty.util.concurrent.SingleThreadEventExecutor.runAllTasks(SingleThreadEventExecutor.java:416)
	at io.grpc.netty.shaded.io.netty.channel.nio.NioEventLoop.run(NioEventLoop.java:515)
	at io.grpc.netty.shaded.io.netty.util.concurrent.SingleThreadEventExecutor$5.run(SingleThreadEventExecutor.java:918)
	at io.grpc.netty.shaded.io.netty.util.internal.ThreadExecutorMap$2.run(ThreadExecutorMap.java:74)
	at io.grpc.netty.shaded.io.netty.util.concurrent.FastThreadLocalRunnable.run(FastThreadLocalRunnable.java:30)
	at java.lang.Thread.run(Thread.java:748)
2020/06/23 [main] ERROR o.springframework.test.context.TestContextManager - Caught exception while allowing TestExecutionListener [org.springframework.test.context.web.ServletTestExecutionListener@1c742ed4] to prepare test instance [net.gichain.genergy.eam.grpc.server.GenergyEamGrpcServerApplicationTests@2f677247]
java.lang.IllegalStateException: Failed to load ApplicationContext
	at org.springframework.test.context.cache.DefaultCacheAwareContextLoaderDelegate.loadContext(DefaultCacheAwareContextLoaderDelegate.java:132)
	at org.springframework.test.context.support.DefaultTestContext.getApplicationContext(DefaultTestContext.java:123)
	at org.springframework.test.context.web.ServletTestExecutionListener.setUpRequestContextIfNecessary(ServletTestExecutionListener.java:190)
	at org.springframework.test.context.web.ServletTestExecutionListener.prepareTestInstance(ServletTestExecutionListener.java:132)
	at org.springframework.test.context.TestContextManager.prepareTestInstance(TestContextManager.java:244)
	at org.springframework.test.context.junit.jupiter.SpringExtension.postProcessTestInstance(SpringExtension.java:98)
	at org.junit.jupiter.engine.descriptor.ClassBasedTestDescriptor.lambda$invokeTestInstancePostProcessors$5(ClassBasedTestDescriptor.java:341)
	at org.junit.jupiter.engine.descriptor.ClassBasedTestDescriptor.executeAndMaskThrowable(ClassBasedTestDescriptor.java:346)
	at org.junit.jupiter.engine.descriptor.ClassBasedTestDescriptor.lambda$invokeTestInstancePostProcessors$6(ClassBasedTestDescriptor.java:341)
	at java.util.stream.ReferencePipeline$3$1.accept(ReferencePipeline.java:193)
	at java.util.stream.ReferencePipeline$2$1.accept(ReferencePipeline.java:175)
	at java.util.ArrayList$ArrayListSpliterator.forEachRemaining(ArrayList.java:1382)
	at java.util.stream.AbstractPipeline.copyInto(AbstractPipeline.java:482)
	at java.util.stream.AbstractPipeline.wrapAndCopyInto(AbstractPipeline.java:472)
	at java.util.stream.StreamSpliterators$WrappingSpliterator.forEachRemaining(StreamSpliterators.java:312)
	at java.util.stream.Streams$ConcatSpliterator.forEachRemaining(Streams.java:743)
	at java.util.stream.Streams$ConcatSpliterator.forEachRemaining(Streams.java:742)
	at java.util.stream.ReferencePipeline$Head.forEach(ReferencePipeline.java:580)
	at org.junit.jupiter.engine.descriptor.ClassBasedTestDescriptor.invokeTestInstancePostProcessors(ClassBasedTestDescriptor.java:340)
	at org.junit.jupiter.engine.descriptor.ClassBasedTestDescriptor.instantiateAndPostProcessTestInstance(ClassBasedTestDescriptor.java:263)
	at org.junit.jupiter.engine.descriptor.ClassBasedTestDescriptor.lambda$testInstancesProvider$2(ClassBasedTestDescriptor.java:256)
	at java.util.Optional.orElseGet(Optional.java:267)
	at org.junit.jupiter.engine.descriptor.ClassBasedTestDescriptor.lambda$testInstancesProvider$3(ClassBasedTestDescriptor.java:255)
	at org.junit.jupiter.engine.execution.TestInstancesProvider.getTestInstances(TestInstancesProvider.java:29)
	at org.junit.jupiter.engine.descriptor.TestMethodTestDescriptor.lambda$prepare$0(TestMethodTestDescriptor.java:108)
	at org.junit.platform.engine.support.hierarchical.ThrowableCollector.execute(ThrowableCollector.java:73)
	at org.junit.jupiter.engine.descriptor.TestMethodTestDescriptor.prepare(TestMethodTestDescriptor.java:107)
	at org.junit.jupiter.engine.descriptor.TestMethodTestDescriptor.prepare(TestMethodTestDescriptor.java:71)
	at org.junit.platform.engine.support.hierarchical.NodeTestTask.lambda$prepare$1(NodeTestTask.java:107)
	at org.junit.platform.engine.support.hierarchical.ThrowableCollector.execute(ThrowableCollector.java:73)
	at org.junit.platform.engine.support.hierarchical.NodeTestTask.prepare(NodeTestTask.java:107)
	at org.junit.platform.engine.support.hierarchical.NodeTestTask.execute(NodeTestTask.java:75)
	at java.util.ArrayList.forEach(ArrayList.java:1257)
	at org.junit.platform.engine.support.hierarchical.SameThreadHierarchicalTestExecutorService.invokeAll(SameThreadHierarchicalTestExecutorService.java:38)
	at org.junit.platform.engine.support.hierarchical.NodeTestTask.lambda$executeRecursively$5(NodeTestTask.java:139)
	at org.junit.platform.engine.support.hierarchical.ThrowableCollector.execute(ThrowableCollector.java:73)
	at org.junit.platform.engine.support.hierarchical.NodeTestTask.lambda$executeRecursively$7(NodeTestTask.java:125)
	at org.junit.platform.engine.support.hierarchical.Node.around(Node.java:135)
	at org.junit.platform.engine.support.hierarchical.NodeTestTask.lambda$executeRecursively$8(NodeTestTask.java:123)
	at org.junit.platform.engine.support.hierarchical.ThrowableCollector.execute(ThrowableCollector.java:73)
	at org.junit.platform.engine.support.hierarchical.NodeTestTask.executeRecursively(NodeTestTask.java:122)
	at org.junit.platform.engine.support.hierarchical.NodeTestTask.execute(NodeTestTask.java:80)
	at java.util.ArrayList.forEach(ArrayList.java:1257)
	at org.junit.platform.engine.support.hierarchical.SameThreadHierarchicalTestExecutorService.invokeAll(SameThreadHierarchicalTestExecutorService.java:38)
	at org.junit.platform.engine.support.hierarchical.NodeTestTask.lambda$executeRecursively$5(NodeTestTask.java:139)
	at org.junit.platform.engine.support.hierarchical.ThrowableCollector.execute(ThrowableCollector.java:73)
	at org.junit.platform.engine.support.hierarchical.NodeTestTask.lambda$executeRecursively$7(NodeTestTask.java:125)
	at org.junit.platform.engine.support.hierarchical.Node.around(Node.java:135)
	at org.junit.platform.engine.support.hierarchical.NodeTestTask.lambda$executeRecursively$8(NodeTestTask.java:123)
	at org.junit.platform.engine.support.hierarchical.ThrowableCollector.execute(ThrowableCollector.java:73)
	at org.junit.platform.engine.support.hierarchical.NodeTestTask.executeRecursively(NodeTestTask.java:122)
	at org.junit.platform.engine.support.hierarchical.NodeTestTask.execute(NodeTestTask.java:80)
	at org.junit.platform.engine.support.hierarchical.SameThreadHierarchicalTestExecutorService.submit(SameThreadHierarchicalTestExecutorService.java:32)
	at org.junit.platform.engine.support.hierarchical.HierarchicalTestExecutor.execute(HierarchicalTestExecutor.java:57)
	at org.junit.platform.engine.support.hierarchical.HierarchicalTestEngine.execute(HierarchicalTestEngine.java:51)
	at org.junit.platform.launcher.core.DefaultLauncher.execute(DefaultLauncher.java:220)
	at org.junit.platform.launcher.core.DefaultLauncher.lambda$execute$6(DefaultLauncher.java:188)
	at org.junit.platform.launcher.core.DefaultLauncher.withInterceptedStreams(DefaultLauncher.java:202)
	at org.junit.platform.launcher.core.DefaultLauncher.execute(DefaultLauncher.java:181)
	at org.junit.platform.launcher.core.DefaultLauncher.execute(DefaultLauncher.java:128)
	at org.apache.maven.surefire.junitplatform.JUnitPlatformProvider.invokeAllTests(JUnitPlatformProvider.java:150)
	at org.apache.maven.surefire.junitplatform.JUnitPlatformProvider.invoke(JUnitPlatformProvider.java:124)
	at org.apache.maven.surefire.booter.ForkedBooter.invokeProviderInSameClassLoader(ForkedBooter.java:384)
	at org.apache.maven.surefire.booter.ForkedBooter.runSuitesInProcess(ForkedBooter.java:345)
	at org.apache.maven.surefire.booter.ForkedBooter.execute(ForkedBooter.java:126)
	at org.apache.maven.surefire.booter.ForkedBooter.main(ForkedBooter.java:418)
Caused by: org.springframework.context.ApplicationContextException: Failed to start bean 'shadedNettyGrpcServerLifecycle'; nested exception is java.lang.IllegalStateException: Failed to start the grpc server
	at org.springframework.context.support.DefaultLifecycleProcessor.doStart(DefaultLifecycleProcessor.java:185)
	at org.springframework.context.support.DefaultLifecycleProcessor.access$200(DefaultLifecycleProcessor.java:53)
	at org.springframework.context.support.DefaultLifecycleProcessor$LifecycleGroup.start(DefaultLifecycleProcessor.java:360)
	at org.springframework.context.support.DefaultLifecycleProcessor.startBeans(DefaultLifecycleProcessor.java:158)
	at org.springframework.context.support.DefaultLifecycleProcessor.onRefresh(DefaultLifecycleProcessor.java:122)
	at org.springframework.context.support.AbstractApplicationContext.finishRefresh(AbstractApplicationContext.java:894)
	at org.springframework.context.support.AbstractApplicationContext.refresh(AbstractApplicationContext.java:553)
	at org.springframework.boot.SpringApplication.refresh(SpringApplication.java:758)
	at org.springframework.boot.SpringApplication.refresh(SpringApplication.java:750)
	at org.springframework.boot.SpringApplication.refreshContext(SpringApplication.java:397)
	at org.springframework.boot.SpringApplication.run(SpringApplication.java:315)
	at org.springframework.boot.test.context.SpringBootContextLoader.loadContext(SpringBootContextLoader.java:120)
	at org.springframework.test.context.cache.DefaultCacheAwareContextLoaderDelegate.loadContextInternal(DefaultCacheAwareContextLoaderDelegate.java:99)
	at org.springframework.test.context.cache.DefaultCacheAwareContextLoaderDelegate.loadContext(DefaultCacheAwareContextLoaderDelegate.java:124)
	... 65 common frames omitted
Caused by: java.lang.IllegalStateException: Failed to start the grpc server
	at net.devh.boot.grpc.server.serverfactory.GrpcServerLifecycle.start(GrpcServerLifecycle.java:51)
	at org.springframework.context.support.DefaultLifecycleProcessor.doStart(DefaultLifecycleProcessor.java:182)
	... 78 common frames omitted
Caused by: java.io.IOException: Failed to bind
	at io.grpc.netty.shaded.io.grpc.netty.NettyServer.start(NettyServer.java:246)
	at io.grpc.internal.ServerImpl.start(ServerImpl.java:184)
	at io.grpc.internal.ServerImpl.start(ServerImpl.java:90)
	at net.devh.boot.grpc.server.serverfactory.GrpcServerLifecycle.createAndStartGrpcServer(GrpcServerLifecycle.java:90)
	at net.devh.boot.grpc.server.serverfactory.GrpcServerLifecycle.start(GrpcServerLifecycle.java:49)
	... 79 common frames omitted
Caused by: java.net.BindException: Address already in use: bind
	at sun.nio.ch.Net.bind0(Native Method)
	at sun.nio.ch.Net.bind(Net.java:433)
	at sun.nio.ch.Net.bind(Net.java:425)
	at sun.nio.ch.ServerSocketChannelImpl.bind(ServerSocketChannelImpl.java:223)
	at io.grpc.netty.shaded.io.netty.channel.socket.nio.NioServerSocketChannel.doBind(NioServerSocketChannel.java:132)
	at io.grpc.netty.shaded.io.netty.channel.AbstractChannel$AbstractUnsafe.bind(AbstractChannel.java:551)
	at io.grpc.netty.shaded.io.netty.channel.DefaultChannelPipeline$HeadContext.bind(DefaultChannelPipeline.java:1345)
	at io.grpc.netty.shaded.io.netty.channel.AbstractChannelHandlerContext.invokeBind(AbstractChannelHandlerContext.java:503)
	at io.grpc.netty.shaded.io.netty.channel.AbstractChannelHandlerContext.bind(AbstractChannelHandlerContext.java:488)
	at io.grpc.netty.shaded.io.netty.channel.DefaultChannelPipeline.bind(DefaultChannelPipeline.java:984)
	at io.grpc.netty.shaded.io.netty.channel.AbstractChannel.bind(AbstractChannel.java:247)
	at io.grpc.netty.shaded.io.netty.bootstrap.AbstractBootstrap$2.run(AbstractBootstrap.java:355)
	at io.grpc.netty.shaded.io.netty.util.concurrent.AbstractEventExecutor.safeExecute(AbstractEventExecutor.java:163)
	at io.grpc.netty.shaded.io.netty.util.concurrent.SingleThreadEventExecutor.runAllTasks(SingleThreadEventExecutor.java:416)
	at io.grpc.netty.shaded.io.netty.channel.nio.NioEventLoop.run(NioEventLoop.java:515)
	at io.grpc.netty.shaded.io.netty.util.concurrent.SingleThreadEventExecutor$5.run(SingleThreadEventExecutor.java:918)
	at io.grpc.netty.shaded.io.netty.util.internal.ThreadExecutorMap$2.run(ThreadExecutorMap.java:74)
	at io.grpc.netty.shaded.io.netty.util.concurrent.FastThreadLocalRunnable.run(FastThreadLocalRunnable.java:30)
	at java.lang.Thread.run(Thread.java:748)
2020/06/23 [main] INFO  n.g.g.e.g.s.GenergyEamGrpcServerApplicationTests - Starting GenergyEamGrpcServerApplicationTests on DESKTOP-VC4LELU with PID 26324 (started by cjp in D:\code\2020\genergy\genergy-eam\genergy-eam-grpc-server)
2020/06/23 [main] DEBUG n.g.g.e.g.s.GenergyEamGrpcServerApplicationTests - Running with Spring Boot v2.3.0.RELEASE, Spring v5.2.6.RELEASE
2020/06/23 [main] INFO  n.g.g.e.g.s.GenergyEamGrpcServerApplicationTests - The following profiles are active: dev
2020/06/23 [main] INFO  o.s.scheduling.concurrent.ThreadPoolTaskExecutor - Initializing ExecutorService 'applicationTaskExecutor'
2020/06/23 [main] INFO  n.d.b.g.c.nameresolver.NameResolverRegistration - net.devh.boot.grpc.server.nameresolver.SelfNameResolverFactory@480b57e2 is available -> Added to the NameResolverRegistry
2020/06/23 [main] INFO  n.d.b.g.s.serverfactory.AbstractGrpcServerFactory - Registered gRPC service: net.gichain.genergy.eam.grpc.lib.EnergyService, bean: energyServerService, class: net.gichain.genergy.eam.grpc.server.serverservice.EnergyServerService
2020/06/23 [main] INFO  n.d.b.g.s.serverfactory.AbstractGrpcServerFactory - Registered gRPC service: net.gichain.genergy.eam.grpc.lib.PlantService, bean: plantServerService, class: net.gichain.genergy.eam.grpc.server.serverservice.PlantServerService
2020/06/23 [main] INFO  n.d.b.g.server.serverfactory.GrpcServerLifecycle - gRPC Server started, listening on address: *, port: 7002
2020/06/23 [main] INFO  n.g.g.e.g.s.GenergyEamGrpcServerApplicationTests - Started GenergyEamGrpcServerApplicationTests in 6.036 seconds (JVM running for 7.316)
2020/06/23 [SpringContextShutdownHook] INFO  n.d.b.g.server.serverfactory.GrpcServerLifecycle - gRPC server shutdown.
2020/06/23 [SpringContextShutdownHook] INFO  n.d.b.g.c.nameresolver.NameResolverRegistration - net.devh.boot.grpc.server.nameresolver.SelfNameResolverFactory@480b57e2 was removed from the NameResolverRegistry
2020/06/23 [SpringContextShutdownHook] INFO  o.s.scheduling.concurrent.ThreadPoolTaskExecutor - Shutting down ExecutorService 'applicationTaskExecutor'
2020/06/23 [main] INFO  n.g.g.e.g.s.GenergyEamGrpcServerApplicationTests - Starting GenergyEamGrpcServerApplicationTests on DESKTOP-VC4LELU with PID 1668 (started by cjp in D:\code\2020\genergy\genergy-eam\genergy-eam-grpc-server)
2020/06/23 [main] DEBUG n.g.g.e.g.s.GenergyEamGrpcServerApplicationTests - Running with Spring Boot v2.3.0.RELEASE, Spring v5.2.6.RELEASE
2020/06/23 [main] INFO  n.g.g.e.g.s.GenergyEamGrpcServerApplicationTests - The following profiles are active: dev
2020/06/23 [main] INFO  n.g.g.e.g.s.GenergyEamGrpcServerApplicationTests - Starting GenergyEamGrpcServerApplicationTests on DESKTOP-VC4LELU with PID 22732 (started by cjp in D:\code\2020\genergy\genergy-eam\genergy-eam-grpc-server)
2020/06/23 [main] DEBUG n.g.g.e.g.s.GenergyEamGrpcServerApplicationTests - Running with Spring Boot v2.3.0.RELEASE, Spring v5.2.6.RELEASE
2020/06/23 [main] INFO  n.g.g.e.g.s.GenergyEamGrpcServerApplicationTests - The following profiles are active: dev
2020/06/23 [main] INFO  o.s.scheduling.concurrent.ThreadPoolTaskExecutor - Initializing ExecutorService 'applicationTaskExecutor'
2020/06/23 [main] INFO  n.d.b.g.c.nameresolver.NameResolverRegistration - net.devh.boot.grpc.server.nameresolver.SelfNameResolverFactory@7219ac49 is available -> Added to the NameResolverRegistry
2020/06/23 [main] INFO  n.d.b.g.s.serverfactory.AbstractGrpcServerFactory - Registered gRPC service: net.gichain.genergy.eam.grpc.lib.EnergyService, bean: energyServerService, class: net.gichain.genergy.eam.grpc.server.serverservice.EnergyServerService
2020/06/23 [main] INFO  n.d.b.g.s.serverfactory.AbstractGrpcServerFactory - Registered gRPC service: net.gichain.genergy.eam.grpc.lib.PlantService, bean: plantServerService, class: net.gichain.genergy.eam.grpc.server.serverservice.PlantServerService
2020/06/23 [main] INFO  o.s.scheduling.concurrent.ThreadPoolTaskExecutor - Initializing ExecutorService 'applicationTaskExecutor'
2020/06/23 [main] INFO  n.d.b.g.c.nameresolver.NameResolverRegistration - net.devh.boot.grpc.server.nameresolver.SelfNameResolverFactory@12f49ca8 is available -> Added to the NameResolverRegistry
2020/06/23 [main] INFO  n.d.b.g.s.serverfactory.AbstractGrpcServerFactory - Registered gRPC service: net.gichain.genergy.eam.grpc.lib.EnergyService, bean: energyServerService, class: net.gichain.genergy.eam.grpc.server.serverservice.EnergyServerService
2020/06/23 [main] INFO  n.d.b.g.s.serverfactory.AbstractGrpcServerFactory - Registered gRPC service: net.gichain.genergy.eam.grpc.lib.PlantService, bean: plantServerService, class: net.gichain.genergy.eam.grpc.server.serverservice.PlantServerService
2020/06/23 [main] INFO  n.d.b.g.server.serverfactory.GrpcServerLifecycle - gRPC Server started, listening on address: *, port: 7002
2020/06/23 [main] INFO  n.g.g.e.g.s.GenergyEamGrpcServerApplicationTests - Started GenergyEamGrpcServerApplicationTests in 11.881 seconds (JVM running for 13.966)
2020/06/23 [SpringContextShutdownHook] INFO  n.d.b.g.server.serverfactory.GrpcServerLifecycle - gRPC server shutdown.
2020/06/23 [SpringContextShutdownHook] INFO  n.d.b.g.c.nameresolver.NameResolverRegistration - net.devh.boot.grpc.server.nameresolver.SelfNameResolverFactory@7219ac49 was removed from the NameResolverRegistry
2020/06/23 [SpringContextShutdownHook] INFO  o.s.scheduling.concurrent.ThreadPoolTaskExecutor - Shutting down ExecutorService 'applicationTaskExecutor'
2020/06/23 [main] INFO  n.d.b.g.server.serverfactory.GrpcServerLifecycle - gRPC Server started, listening on address: *, port: 7002
2020/06/23 [main] INFO  n.g.g.e.g.s.GenergyEamGrpcServerApplicationTests - Started GenergyEamGrpcServerApplicationTests in 10.976 seconds (JVM running for 13.209)
2020/06/23 [SpringContextShutdownHook] INFO  n.d.b.g.server.serverfactory.GrpcServerLifecycle - gRPC server shutdown.
2020/06/23 [SpringContextShutdownHook] INFO  n.d.b.g.c.nameresolver.NameResolverRegistration - net.devh.boot.grpc.server.nameresolver.SelfNameResolverFactory@12f49ca8 was removed from the NameResolverRegistry
2020/06/23 [SpringContextShutdownHook] INFO  o.s.scheduling.concurrent.ThreadPoolTaskExecutor - Shutting down ExecutorService 'applicationTaskExecutor'
2020/06/23 [main] INFO  n.g.g.e.g.s.GenergyEamGrpcServerApplicationTests - Starting GenergyEamGrpcServerApplicationTests on DESKTOP-VC4LELU with PID 24188 (started by cjp in D:\code\2020\genergy\genergy-eam\genergy-eam-grpc-server)
2020/06/23 [main] DEBUG n.g.g.e.g.s.GenergyEamGrpcServerApplicationTests - Running with Spring Boot v2.3.0.RELEASE, Spring v5.2.6.RELEASE
2020/06/23 [main] INFO  n.g.g.e.g.s.GenergyEamGrpcServerApplicationTests - The following profiles are active: dev
2020/06/23 [main] INFO  o.s.scheduling.concurrent.ThreadPoolTaskExecutor - Initializing ExecutorService 'applicationTaskExecutor'
2020/06/23 [main] INFO  n.d.b.g.c.nameresolver.NameResolverRegistration - net.devh.boot.grpc.server.nameresolver.SelfNameResolverFactory@12f49ca8 is available -> Added to the NameResolverRegistry
2020/06/23 [main] INFO  n.d.b.g.s.serverfactory.AbstractGrpcServerFactory - Registered gRPC service: net.gichain.genergy.eam.grpc.lib.EnergyService, bean: energyServerService, class: net.gichain.genergy.eam.grpc.server.serverservice.EnergyServerService
2020/06/23 [main] INFO  n.d.b.g.s.serverfactory.AbstractGrpcServerFactory - Registered gRPC service: net.gichain.genergy.eam.grpc.lib.PlantService, bean: plantServerService, class: net.gichain.genergy.eam.grpc.server.serverservice.PlantServerService
2020/06/23 [main] INFO  n.d.b.g.server.serverfactory.GrpcServerLifecycle - gRPC Server started, listening on address: *, port: 7002
2020/06/23 [main] INFO  n.g.g.e.g.s.GenergyEamGrpcServerApplicationTests - Started GenergyEamGrpcServerApplicationTests in 6.376 seconds (JVM running for 7.621)
2020/06/23 [SpringContextShutdownHook] INFO  n.d.b.g.server.serverfactory.GrpcServerLifecycle - gRPC server shutdown.
2020/06/23 [SpringContextShutdownHook] INFO  n.d.b.g.c.nameresolver.NameResolverRegistration - net.devh.boot.grpc.server.nameresolver.SelfNameResolverFactory@12f49ca8 was removed from the NameResolverRegistry
2020/06/23 [SpringContextShutdownHook] INFO  o.s.scheduling.concurrent.ThreadPoolTaskExecutor - Shutting down ExecutorService 'applicationTaskExecutor'
2020/06/23 [main] INFO  n.g.g.e.g.s.GenergyEamGrpcServerApplicationTests - Starting GenergyEamGrpcServerApplicationTests on DESKTOP-VC4LELU with PID 10652 (started by cjp in D:\code\2020\genergy\genergy-eam\genergy-eam-grpc-server)
2020/06/23 [main] DEBUG n.g.g.e.g.s.GenergyEamGrpcServerApplicationTests - Running with Spring Boot v2.3.0.RELEASE, Spring v5.2.6.RELEASE
2020/06/23 [main] INFO  n.g.g.e.g.s.GenergyEamGrpcServerApplicationTests - The following profiles are active: dev
2020/06/23 [main] INFO  o.s.scheduling.concurrent.ThreadPoolTaskExecutor - Initializing ExecutorService 'applicationTaskExecutor'
2020/06/23 [main] INFO  n.d.b.g.c.nameresolver.NameResolverRegistration - net.devh.boot.grpc.server.nameresolver.SelfNameResolverFactory@12f49ca8 is available -> Added to the NameResolverRegistry
2020/06/23 [main] INFO  n.d.b.g.s.serverfactory.AbstractGrpcServerFactory - Registered gRPC service: net.gichain.genergy.eam.grpc.lib.EnergyService, bean: energyServerService, class: net.gichain.genergy.eam.grpc.server.serverservice.EnergyServerService
2020/06/23 [main] INFO  n.d.b.g.s.serverfactory.AbstractGrpcServerFactory - Registered gRPC service: net.gichain.genergy.eam.grpc.lib.PlantService, bean: plantServerService, class: net.gichain.genergy.eam.grpc.server.serverservice.PlantServerService
2020/06/23 [main] INFO  n.d.b.g.server.serverfactory.GrpcServerLifecycle - gRPC Server started, listening on address: *, port: 7002
2020/06/23 [main] INFO  n.g.g.e.g.s.GenergyEamGrpcServerApplicationTests - Started GenergyEamGrpcServerApplicationTests in 6.023 seconds (JVM running for 7.233)
2020/06/23 [SpringContextShutdownHook] INFO  n.d.b.g.server.serverfactory.GrpcServerLifecycle - gRPC server shutdown.
2020/06/23 [SpringContextShutdownHook] INFO  n.d.b.g.c.nameresolver.NameResolverRegistration - net.devh.boot.grpc.server.nameresolver.SelfNameResolverFactory@12f49ca8 was removed from the NameResolverRegistry
2020/06/23 [SpringContextShutdownHook] INFO  o.s.scheduling.concurrent.ThreadPoolTaskExecutor - Shutting down ExecutorService 'applicationTaskExecutor'
